<?xml version="1.0" encoding="UTF-8"?>
<!-- Generated by org.testng.reporters.JUnitXMLReporter -->
<testsuite ignored="0" hostname="DESKTOP-N1F218A" failures="0" tests="5" name="ChromeTest" time="245.433" errors="0" timestamp="2023-08-28T13:45:03 IST">
  <testcase classname="TestCases.TC1_CreateUser" name="CreateUsers" time="30.731"/>
  <testcase classname="TestCases.TC2_AddCategory" name="AddCategory" time="28.76"/>
  <testcase classname="TestCases.TC3_AddCourse" name="AddCourse" time="37.411"/>
  <testcase classname="TestCases.TC4_DeleteNewCourseAndCategory" name="DeleteNewlyCreatedCourseAndCategories" time="44.977"/>
  <testcase classname="TestCases.TC5_ShopProduct" name="ShopProduct" time="90.872"/>
</testsuite> <!-- ChromeTest -->
