<?xml version="1.0" encoding="UTF-8"?>
<!-- Generated by org.testng.reporters.JUnitXMLReporter -->
<testsuite ignored="0" hostname="DESKTOP-N1F218A" failures="0" tests="5" name="EdgeTest" time="251.495" errors="0" timestamp="2023-08-28T13:45:09 IST">
  <testcase classname="TestCases.TC1_CreateUser" name="CreateUsers" time="29.705"/>
  <testcase classname="TestCases.TC2_AddCategory" name="AddCategory" time="28.798"/>
  <testcase classname="TestCases.TC3_AddCourse" name="AddCourse" time="37.026"/>
  <testcase classname="TestCases.TC4_DeleteNewCourseAndCategory" name="DeleteNewlyCreatedCourseAndCategories" time="44.852"/>
  <testcase classname="TestCases.TC5_ShopProduct" name="ShopProduct" time="90.605"/>
</testsuite> <!-- EdgeTest -->
