<?xml version="1.0" encoding="UTF-8"?>
<!-- Generated by org.testng.reporters.JUnitXMLReporter -->
<testsuite ignored="0" hostname="DESKTOP-N1F218A" failures="0" tests="5" name="FirefoxTest" time="271.723" errors="0" timestamp="2023-08-28T13:45:29 IST">
  <testcase classname="TestCases.TC1_CreateUser" name="CreateUsers" time="31.205"/>
  <testcase classname="TestCases.TC2_AddCategory" name="AddCategory" time="29.919"/>
  <testcase classname="TestCases.TC3_AddCourse" name="AddCourse" time="41.331"/>
  <testcase classname="TestCases.TC4_DeleteNewCourseAndCategory" name="DeleteNewlyCreatedCourseAndCategories" time="45.167"/>
  <testcase classname="TestCases.TC5_ShopProduct" name="ShopProduct" time="91.866"/>
</testsuite> <!-- FirefoxTest -->
