<?xml version="1.0" encoding="UTF-8"?>
<!-- Generated by org.testng.reporters.JUnitXMLReporter -->
<testsuite ignored="0" hostname="DESKTOP-N1F218A" failures="0" tests="1" name="EdgeTest" time="15.496" errors="0" timestamp="2023-08-17T21:22:56 IST">
  <testcase classname="Base.BaseClass" name="@BeforeClass LaunchApplication" time="15.42">
    <failure type="java.lang.NullPointerException" message="Cannot invoke &amp;quot;org.openqa.selenium.WebDriver.manage()&amp;quot; because the return value of &amp;quot;GenericUtilities.BrowserUtilities.getDriver()&amp;quot; is null">
      <![CDATA[java.lang.NullPointerException: Cannot invoke "org.openqa.selenium.WebDriver.manage()" because the return value of "GenericUtilities.BrowserUtilities.getDriver()" is null
at GenericUtilities.BrowserUtilities.startBrowser(BrowserUtilities.java:83)
at Base.BaseClass.LaunchApplication(BaseClass.java:38)
at java.base/java.util.ArrayList.forEach(ArrayList.java:1511)
at java.base/java.util.concurrent.FutureTask.run(FutureTask.java:264)
at java.base/java.util.concurrent.ThreadPoolExecutor.runWorker(ThreadPoolExecutor.java:1136)
at java.base/java.util.concurrent.ThreadPoolExecutor$Worker.run(ThreadPoolExecutor.java:635)
at java.base/java.lang.Thread.run(Thread.java:833)
... Removed 16 stack frames]]>
    </failure>
  </testcase> <!-- @BeforeClass LaunchApplication -->
  <testcase classname="TestCases.TC1_CreateCustomer" name="@BeforeMethod setupDriver" time="-1.692287576844E9">
    <skipped/>
  </testcase> <!-- @BeforeMethod setupDriver -->
  <testcase classname="Base.BaseClass" name="@AfterClass CloseApplication" time="-1.692287576862E9">
    <skipped/>
  </testcase> <!-- @AfterClass CloseApplication -->
  <testcase classname="TestCases.TC1_CreateCustomer" name="CreateCustomers" time="0.0">
    <skipped/>
  </testcase> <!-- CreateCustomers -->
</testsuite> <!-- EdgeTest -->
